INFO:albumentations.check_version:A new version of Albumentations is available: 1.4.14 (you have 1.4.11). Upgrade using: pip install --upgrade albumentations
WARNING:xformers:WARNING[XFORMERS]: xFormers can't load C++/CUDA extensions. xFormers was built for:
    PyTorch 2.1.1+cu121 with CUDA 1201 (you have 2.1.1+cu118)
    Python  3.9.18 (you have 3.9.19)
  Please reinstall xformers (see https://github.com/facebookresearch/xformers#installing-xformers)
  Memory-efficient attention, SwiGLU, sparse and more won't be available.
  Set XFORMERS_MORE_DETAILS=1 for more details
INFO:__main__:Distributed environment: NO
Num processes: 1
Process index: 0
Local process index: 0
Device: cuda

Mixed precision type: no

/home/twkim/anaconda3/envs/context/lib/python3.9/site-packages/huggingface_hub/file_download.py:1150: FutureWarning: `resume_download` is deprecated and will be removed in version 1.0.0. Downloads always resume when possible. If you want to force a new download, use `force_download=True`.
  warnings.warn(
{'clip_sample_range', 'variance_type', 'dynamic_thresholding_ratio', 'prediction_type', 'thresholding', 'sample_max_value', 'timestep_spacing'} was not found in config. Values will be initialized to default values.
{'scaling_factor'} was not found in config. Values will be initialized to default values.
{'encoder_hid_dim', 'upcast_attention', 'encoder_hid_dim_type', 'projection_class_embeddings_input_dim', 'addition_embed_type', 'dual_cross_attention', 'num_attention_heads', 'class_embed_type', 'addition_embed_type_num_heads', 'transformer_layers_per_block', 'resnet_skip_time_act', 'timestep_post_act', 'addition_time_embed_dim', 'time_embedding_act_fn', 'time_embedding_type', 'resnet_time_scale_shift', 'mid_block_type', 'use_linear_projection', 'conv_out_kernel', 'only_cross_attention', 'num_class_embeds', 'cross_attention_norm', 'resnet_out_scale_factor', 'conv_in_kernel', 'time_embedding_dim', 'time_cond_proj_dim', 'class_embeddings_concat', 'mid_block_only_cross_attention'} was not found in config. Values will be initialized to default values.
set seed 2940
saved_models/ti_models/single_capv7_prior_seed2940_rep1/cat2/ti_cnetv4_prior_mlm0001_cat2_mprob015_mbatch25/src/command.txt command_path
ti_train.py item
--pretrained_model_name_or_path=runwayml/stable-diffusion-v1-5 item
--train_data_dir1=/data/twkim/diffusion/personalization/collected/images/cat2 item
--learnable_property=object item
--placeholder_token1=<cat2> item
--prior_concept1=cat item
--resolution=512 item
--train_batch_size=1 item
--gradient_accumulation_steps=4 item
--max_train_steps=3001 item
--learning_rate=5e-4 item
--lr_scheduler=constant item
--normalize_mask_embeds=0 item
--lr_warmup_steps=0 item
--output_dir=saved_models/ti_models/single_capv7_prior_seed2940_rep1/cat2 item
--seed=2940 item
--mask_tokens=[MASK] item
--lambda_mlm=0.001 item
--freeze_mask_embedding=1 item
--cls_net_path=saved_models/mlm_models/sd1_contextnetv4_nonpadding_1e4_unnorm_mprob015_batch150/checkpoints/checkpoint-100000/cls_net_100000_ckpt.pt item
--mask_embed_path=saved_models/mlm_models/sd1_contextnetv4_nonpadding_1e4_unnorm_mprob015_batch150/checkpoints/checkpoint-100000/mask_embeds_100000_ckpt.pt item
--mask_prob=0.15 item
--mlm_target=masked item
--mlm_batch_size=25 item
--scale_lr item
--eval_prompt_type=living item
--train_prompt_type=pet item
--silent=0 item
--rev=0 item
--normalize_target1=0 item
--caption_root=../datasets_pkgs/captions/v7 item
--run_name=ti_cnetv4_prior_mlm0001_cat2_mprob015_mbatch25 item
--include_prior_concept=1 item
32 norm_num_groups
320 block_out_channels[0]
32 norm_num_groups
Traceback (most recent call last):
  File "/home/twkim/project/rich_context/textual_inversion/ti_train.py", line 975, in <module>
    main()
  File "/home/twkim/project/rich_context/textual_inversion/ti_train.py", line 296, in main
    initializer_token_ids = tokenizer.encode(args.train_prior_concept1, add_special_tokens=False)
AttributeError: 'Namespace' object has no attribute 'train_prior_concept1'
Traceback (most recent call last):
  File "/home/twkim/anaconda3/envs/context/bin/accelerate", line 8, in <module>
    sys.exit(main())
  File "/home/twkim/anaconda3/envs/context/lib/python3.9/site-packages/accelerate/commands/accelerate_cli.py", line 47, in main
    args.func(args)
  File "/home/twkim/anaconda3/envs/context/lib/python3.9/site-packages/accelerate/commands/launch.py", line 1023, in launch_command
    simple_launcher(args)
  File "/home/twkim/anaconda3/envs/context/lib/python3.9/site-packages/accelerate/commands/launch.py", line 643, in simple_launcher
    raise subprocess.CalledProcessError(returncode=process.returncode, cmd=cmd)
subprocess.CalledProcessError: Command '['/home/twkim/anaconda3/envs/context/bin/python', 'ti_train.py', '--pretrained_model_name_or_path=runwayml/stable-diffusion-v1-5', '--train_data_dir1=/data/twkim/diffusion/personalization/collected/images/cat2', '--learnable_property=object', '--placeholder_token1=<cat2>', '--prior_concept1=cat', '--resolution=512', '--train_batch_size=1', '--gradient_accumulation_steps=4', '--max_train_steps=3001', '--learning_rate=5e-4', '--lr_scheduler=constant', '--normalize_mask_embeds=0', '--lr_warmup_steps=0', '--output_dir=saved_models/ti_models/single_capv7_prior_seed2940_rep1/cat2', '--seed=2940', '--mask_tokens=[MASK]', '--lambda_mlm=0.001', '--freeze_mask_embedding=1', '--cls_net_path=saved_models/mlm_models/sd1_contextnetv4_nonpadding_1e4_unnorm_mprob015_batch150/checkpoints/checkpoint-100000/cls_net_100000_ckpt.pt', '--mask_embed_path=saved_models/mlm_models/sd1_contextnetv4_nonpadding_1e4_unnorm_mprob015_batch150/checkpoints/checkpoint-100000/mask_embeds_100000_ckpt.pt', '--mask_prob=0.15', '--mlm_target=masked', '--mlm_batch_size=25', '--scale_lr', '--eval_prompt_type=living', '--train_prompt_type=pet', '--silent=0', '--rev=0', '--normalize_target1=0', '--caption_root=../datasets_pkgs/captions/v7', '--run_name=ti_cnetv4_prior_mlm0001_cat2_mprob015_mbatch25', '--include_prior_concept=1']' returned non-zero exit status 1.
